\BOOKMARK [0][-]{chapter.1}{\376\377\0001\000\040\000P\000y\000t\000h\000o\000n\000-\000C\000o\000v\000i\000d}{}% 1
\BOOKMARK [1][-]{subsection.1.0.1}{\376\377\0001\000.\0000\000.\0001\000\040\000P\000r\000e\000-\000r\000e\000q\000u\000i\000s\000i\000t\000e}{chapter.1}% 2
\BOOKMARK [1][-]{section.1.1}{\376\377\0001\000.\0001\000\040\000T\000o\000\040\000s\000t\000a\000r\000t\000\040\000t\000h\000e\000\040\000a\000p\000p}{chapter.1}% 3
\BOOKMARK [1][-]{section.1.2}{\376\377\0001\000.\0002\000\040\000M\000a\000d\000e\000\040\000w\000i\000t\000h}{chapter.1}% 4
\BOOKMARK [1][-]{section.1.3}{\376\377\0001\000.\0003\000\040\000F\000e\000a\000t\000u\000r\000e\000s}{chapter.1}% 5
\BOOKMARK [1][-]{section.1.4}{\376\377\0001\000.\0004\000\040\000V\000e\000r\000s\000i\000o\000n\000s}{chapter.1}% 6
\BOOKMARK [1][-]{section.1.5}{\376\377\0001\000.\0005\000\040\000A\000u\000t\000h\000o\000r\000s}{chapter.1}% 7
\BOOKMARK [1][-]{section.1.6}{\376\377\0001\000.\0006\000\040\000L\000i\000c\000e\000n\000s\000e}{chapter.1}% 8
\BOOKMARK [0][-]{chapter.2}{\376\377\0002\000\040\000C\000l\000a\000s\000s\000\040\000I\000n\000d\000e\000x}{}% 9
\BOOKMARK [1][-]{section.2.1}{\376\377\0002\000.\0001\000\040\000C\000l\000a\000s\000s\000\040\000L\000i\000s\000t}{chapter.2}% 10
\BOOKMARK [0][-]{chapter.3}{\376\377\0003\000\040\000F\000i\000l\000e\000\040\000I\000n\000d\000e\000x}{}% 11
\BOOKMARK [1][-]{section.3.1}{\376\377\0003\000.\0001\000\040\000F\000i\000l\000e\000\040\000L\000i\000s\000t}{chapter.3}% 12
\BOOKMARK [0][-]{chapter.4}{\376\377\0004\000\040\000C\000l\000a\000s\000s\000\040\000D\000o\000c\000u\000m\000e\000n\000t\000a\000t\000i\000o\000n}{}% 13
\BOOKMARK [1][-]{section.4.1}{\376\377\0004\000.\0001\000\040\000r\000e\000q\000u\000e\000s\000t\000.\000R\000e\000q\000u\000e\000s\000t\000\040\000C\000l\000a\000s\000s\000\040\000R\000e\000f\000e\000r\000e\000n\000c\000e}{chapter.4}% 14
\BOOKMARK [2][-]{subsection.4.1.1}{\376\377\0004\000.\0001\000.\0001\000\040\000D\000e\000t\000a\000i\000l\000e\000d\000\040\000D\000e\000s\000c\000r\000i\000p\000t\000i\000o\000n}{section.4.1}% 15
\BOOKMARK [2][-]{subsection.4.1.2}{\376\377\0004\000.\0001\000.\0002\000\040\000M\000e\000m\000b\000e\000r\000\040\000F\000u\000n\000c\000t\000i\000o\000n\000\040\000D\000o\000c\000u\000m\000e\000n\000t\000a\000t\000i\000o\000n}{section.4.1}% 16
\BOOKMARK [3][-]{subsubsection.4.1.2.1}{\376\377\0004\000.\0001\000.\0002\000.\0001\000\040\000\137\000\137\000p\000u\000s\000h\000I\000n\000f\000o\000\050\000\051}{subsection.4.1.2}% 17
\BOOKMARK [3][-]{subsubsection.4.1.2.2}{\376\377\0004\000.\0001\000.\0002\000.\0002\000\040\000g\000e\000t\000A\000l\000l\000D\000a\000t\000a\000\050\000\051}{subsection.4.1.2}% 18
\BOOKMARK [3][-]{subsubsection.4.1.2.3}{\376\377\0004\000.\0001\000.\0002\000.\0003\000\040\000g\000e\000t\000D\000p\000t\000D\000a\000t\000a\000\050\000\051}{subsection.4.1.2}% 19
\BOOKMARK [0][-]{chapter.5}{\376\377\0005\000\040\000F\000i\000l\000e\000\040\000D\000o\000c\000u\000m\000e\000n\000t\000a\000t\000i\000o\000n}{}% 20
\BOOKMARK [1][-]{section.5.1}{\376\377\0005\000.\0001\000\040\000s\000r\000c\000/\000a\000p\000p\000.\000p\000y\000\040\000F\000i\000l\000e\000\040\000R\000e\000f\000e\000r\000e\000n\000c\000e}{chapter.5}% 21
\BOOKMARK [2][-]{subsection.5.1.1}{\376\377\0005\000.\0001\000.\0001\000\040\000D\000e\000t\000a\000i\000l\000e\000d\000\040\000D\000e\000s\000c\000r\000i\000p\000t\000i\000o\000n}{section.5.1}% 22
\BOOKMARK [1][-]{section.5.2}{\376\377\0005\000.\0002\000\040\000s\000r\000c\000/\000r\000e\000q\000u\000e\000s\000t\000.\000p\000y\000\040\000F\000i\000l\000e\000\040\000R\000e\000f\000e\000r\000e\000n\000c\000e}{chapter.5}% 23
\BOOKMARK [2][-]{subsection.5.2.1}{\376\377\0005\000.\0002\000.\0001\000\040\000D\000e\000t\000a\000i\000l\000e\000d\000\040\000D\000e\000s\000c\000r\000i\000p\000t\000i\000o\000n}{section.5.2}% 24
\BOOKMARK [0][-]{section*.11}{\376\377\000I\000n\000d\000e\000x}{}% 25
